Missing for ak74m_reload:
  C:\Users\mikal\Documents\GitHub\FDF Modular Faction Pack\addons\rk62m2\snd\ak74m_reload.wav
  C:\Users\mikal\Documents\GitHub\FDF Modular Faction Pack\addons\rk62m2\snd\ak74m_reload.ogg

Missing for ak_selector:
  C:\Users\mikal\Documents\GitHub\FDF Modular Faction Pack\addons\rk62m2\snd\ak_selector.wav
  C:\Users\mikal\Documents\GitHub\FDF Modular Faction Pack\addons\rk62m2\snd\ak_selector.ogg

Missing for g36_first:
  C:\Users\mikal\Documents\GitHub\FDF Modular Faction Pack\addons\rk62m2\snd\g36_first.ogg

Missing for rpk12_reload:
  C:\Users\mikal\Documents\GitHub\FDF Modular Faction Pack\addons\rk62m2\snd\rpk12_reload.wav
  C:\Users\mikal\Documents\GitHub\FDF Modular Faction Pack\addons\rk62m2\snd\rpk12_reload.ogg

Missing for Close_Distance:
  C:\Users\mikal\Documents\GitHub\FDF Modular Faction Pack\addons\rk62m2\snd\G36\Close_Distance.wav

Missing for Close_Distance_Interior:
  C:\Users\mikal\Documents\GitHub\FDF Modular Faction Pack\addons\rk62m2\snd\G36\Close_Distance_Interior.wav

Missing for Close_Interior:
  C:\Users\mikal\Documents\GitHub\FDF Modular Faction Pack\addons\rk62m2\snd\G36\Close_Interior.wav

Missing for Far_Distance:
  C:\Users\mikal\Documents\GitHub\FDF Modular Faction Pack\addons\rk62m2\snd\G36\Far_Distance.wav

Missing for Medium_Distance:
  C:\Users\mikal\Documents\GitHub\FDF Modular Faction Pack\addons\rk62m2\snd\G36\Medium_Distance.wav

Missing for Close_Distance:
  C:\Users\mikal\Documents\GitHub\FDF Modular Faction Pack\addons\rk62m2\snd\G36C\Close_Distance.wav

Missing for Close_Distance_Interior:
  C:\Users\mikal\Documents\GitHub\FDF Modular Faction Pack\addons\rk62m2\snd\G36C\Close_Distance_Interior.wav

Missing for Close_Interior:
  C:\Users\mikal\Documents\GitHub\FDF Modular Faction Pack\addons\rk62m2\snd\G36C\Close_Interior.wav

Missing for Far_Distance:
  C:\Users\mikal\Documents\GitHub\FDF Modular Faction Pack\addons\rk62m2\snd\G36C\Far_Distance.wav

Missing for Medium_Distance:
  C:\Users\mikal\Documents\GitHub\FDF Modular Faction Pack\addons\rk62m2\snd\G36C\Medium_Distance.wav

Missing for g36_mli_first:
  C:\Users\mikal\Documents\GitHub\FDF Modular Faction Pack\addons\rk62m2\snd\G36_MLI\g36_mli_first.ogg

Missing for G36_MLI_forest:
  C:\Users\mikal\Documents\GitHub\FDF Modular Faction Pack\addons\rk62m2\snd\G36_MLI\G36_MLI_forest.ogg

Missing for G36_MLI_forest_mid:
  C:\Users\mikal\Documents\GitHub\FDF Modular Faction Pack\addons\rk62m2\snd\G36_MLI\G36_MLI_forest_mid.ogg

Missing for g36_MLI_indoor:
  C:\Users\mikal\Documents\GitHub\FDF Modular Faction Pack\addons\rk62m2\snd\G36_MLI\g36_MLI_indoor.ogg

Missing for g36_MLI_indoor_mid:
  C:\Users\mikal\Documents\GitHub\FDF Modular Faction Pack\addons\rk62m2\snd\G36_MLI\g36_MLI_indoor_mid.ogg

Missing for g36_mli_meadows:
  C:\Users\mikal\Documents\GitHub\FDF Modular Faction Pack\addons\rk62m2\snd\G36_MLI\g36_mli_meadows.ogg

Missing for g36_mli_meadows_mid:
  C:\Users\mikal\Documents\GitHub\FDF Modular Faction Pack\addons\rk62m2\snd\G36_MLI\g36_mli_meadows_mid.ogg

Missing for G36_MLI_Silenced_Close:
  C:\Users\mikal\Documents\GitHub\FDF Modular Faction Pack\addons\rk62m2\snd\G36_MLI\G36_MLI_Silenced_Close.ogg

Missing for G36_MLI_Silenced_Tail:
  C:\Users\mikal\Documents\GitHub\FDF Modular Faction Pack\addons\rk62m2\snd\G36_MLI\G36_MLI_Silenced_Tail.ogg

Missing for G36_MLI_Silenced_Tail_Indoor:
  C:\Users\mikal\Documents\GitHub\FDF Modular Faction Pack\addons\rk62m2\snd\G36_MLI\G36_MLI_Silenced_Tail_Indoor.ogg

Missing for g36_mli_suppressed_close:
  C:\Users\mikal\Documents\GitHub\FDF Modular Faction Pack\addons\rk62m2\snd\G36_MLI\g36_mli_suppressed_close.ogg

Missing for g36_mli_suppressed_indoor:
  C:\Users\mikal\Documents\GitHub\FDF Modular Faction Pack\addons\rk62m2\snd\G36_MLI\g36_mli_suppressed_indoor.ogg

Missing for g36_mli_suppressed_meadows:
  C:\Users\mikal\Documents\GitHub\FDF Modular Faction Pack\addons\rk62m2\snd\G36_MLI\g36_mli_suppressed_meadows.ogg

Missing for g36_mli_suppressed_mid:
  C:\Users\mikal\Documents\GitHub\FDF Modular Faction Pack\addons\rk62m2\snd\G36_MLI\g36_mli_suppressed_mid.ogg

Missing for G36_MLI_trees:
  C:\Users\mikal\Documents\GitHub\FDF Modular Faction Pack\addons\rk62m2\snd\G36_MLI\G36_MLI_trees.ogg

Missing for G36_MLI_trees_mid:
  C:\Users\mikal\Documents\GitHub\FDF Modular Faction Pack\addons\rk62m2\snd\G36_MLI\G36_MLI_trees_mid.ogg

Missing for G36_MLI_Urban:
  C:\Users\mikal\Documents\GitHub\FDF Modular Faction Pack\addons\rk62m2\snd\G36_MLI\G36_MLI_Urban.ogg

Missing for G36_MLI_Urban_mid:
  C:\Users\mikal\Documents\GitHub\FDF Modular Faction Pack\addons\rk62m2\snd\G36_MLI\G36_MLI_Urban_mid.ogg

